<?xml version="1.0" encoding="UTF-8"?>
<testsuite name="com.example.resttodo.ResttodoApplicationTests" tests="1" skipped="0" failures="0" errors="0" timestamp="2021-12-24T18:52:16" hostname="gimjiung-ui-MacBookPro.local" time="0.151">
  <properties/>
  <testcase name="contextLoads()" classname="com.example.resttodo.ResttodoApplicationTests" time="0.151"/>
  <system-out><![CDATA[03:52:12.475 [Test worker] DEBUG org.springframework.test.context.BootstrapUtils - Instantiating CacheAwareContextLoaderDelegate from class [org.springframework.test.context.cache.DefaultCacheAwareContextLoaderDelegate]
03:52:12.485 [Test worker] DEBUG org.springframework.test.context.BootstrapUtils - Instantiating BootstrapContext using constructor [public org.springframework.test.context.support.DefaultBootstrapContext(java.lang.Class,org.springframework.test.context.CacheAwareContextLoaderDelegate)]
03:52:12.517 [Test worker] DEBUG org.springframework.test.context.BootstrapUtils - Instantiating TestContextBootstrapper for test class [com.example.resttodo.ResttodoApplicationTests] from class [org.springframework.boot.test.context.SpringBootTestContextBootstrapper]
03:52:12.528 [Test worker] INFO org.springframework.boot.test.context.SpringBootTestContextBootstrapper - Neither @ContextConfiguration nor @ContextHierarchy found for test class [com.example.resttodo.ResttodoApplicationTests], using SpringBootContextLoader
03:52:12.531 [Test worker] DEBUG org.springframework.test.context.support.AbstractContextLoader - Did not detect default resource location for test class [com.example.resttodo.ResttodoApplicationTests]: class path resource [com/example/resttodo/ResttodoApplicationTests-context.xml] does not exist
03:52:12.532 [Test worker] DEBUG org.springframework.test.context.support.AbstractContextLoader - Did not detect default resource location for test class [com.example.resttodo.ResttodoApplicationTests]: class path resource [com/example/resttodo/ResttodoApplicationTestsContext.groovy] does not exist
03:52:12.532 [Test worker] INFO org.springframework.test.context.support.AbstractContextLoader - Could not detect default resource locations for test class [com.example.resttodo.ResttodoApplicationTests]: no resource found for suffixes {-context.xml, Context.groovy}.
03:52:12.533 [Test worker] INFO org.springframework.test.context.support.AnnotationConfigContextLoaderUtils - Could not detect default configuration classes for test class [com.example.resttodo.ResttodoApplicationTests]: ResttodoApplicationTests does not declare any static, non-private, non-final, nested classes annotated with @Configuration.
03:52:12.571 [Test worker] DEBUG org.springframework.test.context.support.ActiveProfilesUtils - Could not find an 'annotation declaring class' for annotation type [org.springframework.test.context.ActiveProfiles] and class [com.example.resttodo.ResttodoApplicationTests]
03:52:12.619 [Test worker] DEBUG org.springframework.context.annotation.ClassPathScanningCandidateComponentProvider - Identified candidate component class: file [/Users/wisehero/Documents/rest_To-do/build/classes/java/main/com/example/resttodo/ResttodoApplication.class]
03:52:12.620 [Test worker] INFO org.springframework.boot.test.context.SpringBootTestContextBootstrapper - Found @SpringBootConfiguration com.example.resttodo.ResttodoApplication for test class com.example.resttodo.ResttodoApplicationTests
03:52:12.702 [Test worker] DEBUG org.springframework.boot.test.context.SpringBootTestContextBootstrapper - @TestExecutionListeners is not present for class [com.example.resttodo.ResttodoApplicationTests]: using defaults.
03:52:12.702 [Test worker] INFO org.springframework.boot.test.context.SpringBootTestContextBootstrapper - Loaded default TestExecutionListener class names from location [META-INF/spring.factories]: [org.springframework.boot.test.autoconfigure.restdocs.RestDocsTestExecutionListener, org.springframework.boot.test.autoconfigure.web.client.MockRestServiceServerResetTestExecutionListener, org.springframework.boot.test.autoconfigure.web.servlet.MockMvcPrintOnlyOnFailureTestExecutionListener, org.springframework.boot.test.autoconfigure.web.servlet.WebDriverTestExecutionListener, org.springframework.boot.test.autoconfigure.webservices.client.MockWebServiceServerTestExecutionListener, org.springframework.boot.test.mock.mockito.MockitoTestExecutionListener, org.springframework.boot.test.mock.mockito.ResetMocksTestExecutionListener, org.springframework.test.context.web.ServletTestExecutionListener, org.springframework.test.context.support.DirtiesContextBeforeModesTestExecutionListener, org.springframework.test.context.event.ApplicationEventsTestExecutionListener, org.springframework.test.context.support.DependencyInjectionTestExecutionListener, org.springframework.test.context.support.DirtiesContextTestExecutionListener, org.springframework.test.context.transaction.TransactionalTestExecutionListener, org.springframework.test.context.jdbc.SqlScriptsTestExecutionListener, org.springframework.test.context.event.EventPublishingTestExecutionListener]
03:52:12.719 [Test worker] INFO org.springframework.boot.test.context.SpringBootTestContextBootstrapper - Using TestExecutionListeners: [org.springframework.test.context.web.ServletTestExecutionListener@201b6b6f, org.springframework.test.context.support.DirtiesContextBeforeModesTestExecutionListener@75459c75, org.springframework.test.context.event.ApplicationEventsTestExecutionListener@183e8023, org.springframework.boot.test.mock.mockito.MockitoTestExecutionListener@45efc20d, org.springframework.boot.test.autoconfigure.SpringBootDependencyInjectionTestExecutionListener@3e5499cc, org.springframework.test.context.support.DirtiesContextTestExecutionListener@67ab1c47, org.springframework.test.context.transaction.TransactionalTestExecutionListener@b78a709, org.springframework.test.context.jdbc.SqlScriptsTestExecutionListener@30bcf3c1, org.springframework.test.context.event.EventPublishingTestExecutionListener@2a3c96e3, org.springframework.boot.test.autoconfigure.restdocs.RestDocsTestExecutionListener@15cafec7, org.springframework.boot.test.autoconfigure.web.client.MockRestServiceServerResetTestExecutionListener@5b444398, org.springframework.boot.test.autoconfigure.web.servlet.MockMvcPrintOnlyOnFailureTestExecutionListener@cb191ca, org.springframework.boot.test.autoconfigure.web.servlet.WebDriverTestExecutionListener@42f48531, org.springframework.boot.test.autoconfigure.webservices.client.MockWebServiceServerTestExecutionListener@a776e, org.springframework.boot.test.mock.mockito.ResetMocksTestExecutionListener@792bbc74]
03:52:12.722 [Test worker] DEBUG org.springframework.test.context.support.AbstractDirtiesContextTestExecutionListener - Before test class: context [DefaultTestContext@75d0911a testClass = ResttodoApplicationTests, testInstance = [null], testMethod = [null], testException = [null], mergedContextConfiguration = [WebMergedContextConfiguration@75e91545 testClass = ResttodoApplicationTests, locations = '{}', classes = '{class com.example.resttodo.ResttodoApplication}', contextInitializerClasses = '[]', activeProfiles = '{}', propertySourceLocations = '{}', propertySourceProperties = '{org.springframework.boot.test.context.SpringBootTestContextBootstrapper=true}', contextCustomizers = set[org.springframework.boot.test.autoconfigure.actuate.metrics.MetricsExportContextCustomizerFactory$DisableMetricExportContextCustomizer@44c73c26, org.springframework.boot.test.autoconfigure.properties.PropertyMappingContextCustomizer@0, org.springframework.boot.test.autoconfigure.web.servlet.WebDriverContextCustomizerFactory$Customizer@59cba5a, org.springframework.boot.test.context.filter.ExcludeFilterContextCustomizer@768fc0f2, org.springframework.boot.test.json.DuplicateJsonObjectContextCustomizerFactory$DuplicateJsonObjectContextCustomizer@455b6df1, org.springframework.boot.test.mock.mockito.MockitoContextCustomizer@0, org.springframework.boot.test.web.client.TestRestTemplateContextCustomizer@4ebff610, org.springframework.boot.test.context.SpringBootTestArgs@1, org.springframework.boot.test.context.SpringBootTestWebEnvironment@7d8704ef], resourceBasePath = 'src/main/webapp', contextLoader = 'org.springframework.boot.test.context.SpringBootContextLoader', parent = [null]], attributes = map['org.springframework.test.context.web.ServletTestExecutionListener.activateListener' -> true]], class annotated with @DirtiesContext [false] with mode [null].
03:52:12.756 [Test worker] DEBUG org.springframework.test.context.support.TestPropertySourceUtils - Adding inlined properties to environment: {spring.jmx.enabled=false, org.springframework.boot.test.context.SpringBootTestContextBootstrapper=true}

  .   ____          _            __ _ _
 /\\ / ___'_ __ _ _(_)_ __  __ _ \ \ \ \
( ( )\___ | '_ | '_| | '_ \/ _` | \ \ \ \
 \\/  ___)| |_)| | | | | || (_| |  ) ) ) )
  '  |____| .__|_| |_|_| |_\__, | / / / /
 =========|_|==============|___/=/_/_/_/
 :: Spring Boot ::                (v2.5.6)

2021-12-25 03:52:12.991  INFO 51127 --- [    Test worker] c.e.resttodo.ResttodoApplicationTests    : Starting ResttodoApplicationTests using Java 16 on gimjiung-ui-MacBookPro.local with PID 51127 (started by wisehero in /Users/wisehero/Documents/rest_To-do)
2021-12-25 03:52:12.993  INFO 51127 --- [    Test worker] c.e.resttodo.ResttodoApplicationTests    : No active profile set, falling back to default profiles: default
2021-12-25 03:52:13.643  INFO 51127 --- [    Test worker] .s.d.r.c.RepositoryConfigurationDelegate : Bootstrapping Spring Data JPA repositories in DEFAULT mode.
2021-12-25 03:52:13.694  INFO 51127 --- [    Test worker] .s.d.r.c.RepositoryConfigurationDelegate : Finished Spring Data repository scanning in 44 ms. Found 2 JPA repository interfaces.
2021-12-25 03:52:14.137  INFO 51127 --- [    Test worker] com.zaxxer.hikari.HikariDataSource       : HikariPool-1 - Starting...
2021-12-25 03:52:14.310  INFO 51127 --- [    Test worker] com.zaxxer.hikari.HikariDataSource       : HikariPool-1 - Start completed.
2021-12-25 03:52:14.371  INFO 51127 --- [    Test worker] o.hibernate.jpa.internal.util.LogHelper  : HHH000204: Processing PersistenceUnitInfo [name: default]
2021-12-25 03:52:14.418  INFO 51127 --- [    Test worker] org.hibernate.Version                    : HHH000412: Hibernate ORM core version 5.4.32.Final
2021-12-25 03:52:14.552  INFO 51127 --- [    Test worker] o.hibernate.annotations.common.Version   : HCANN000001: Hibernate Commons Annotations {5.1.2.Final}
2021-12-25 03:52:14.664  INFO 51127 --- [    Test worker] org.hibernate.dialect.Dialect            : HHH000400: Using dialect: org.hibernate.dialect.H2Dialect
2021-12-25 03:52:14.817  WARN 51127 --- [    Test worker] org.hibernate.id.UUIDHexGenerator        : HHH000409: Using org.hibernate.id.UUIDHexGenerator which does not generate IETF RFC 4122 compliant UUID values; consider using org.hibernate.id.UUIDGenerator instead
2021-12-25 03:52:15.189  INFO 51127 --- [    Test worker] o.h.e.t.j.p.i.JtaPlatformInitiator       : HHH000490: Using JtaPlatform implementation: [org.hibernate.engine.transaction.jta.platform.internal.NoJtaPlatform]
2021-12-25 03:52:15.197  INFO 51127 --- [    Test worker] j.LocalContainerEntityManagerFactoryBean : Initialized JPA EntityManagerFactory for persistence unit 'default'
2021-12-25 03:52:15.246  WARN 51127 --- [    Test worker] JpaBaseConfiguration$JpaWebConfiguration : spring.jpa.open-in-view is enabled by default. Therefore, database queries may be performed during view rendering. Explicitly configure spring.jpa.open-in-view to disable this warning
2021-12-25 03:52:15.705  INFO 51127 --- [    Test worker] .s.s.UserDetailsServiceAutoConfiguration : 

Using generated security password: a087f314-7deb-4cf7-8d3a-955990780827

2021-12-25 03:52:16.089  INFO 51127 --- [    Test worker] o.s.s.web.DefaultSecurityFilterChain     : Will secure any request with [org.springframework.security.web.context.request.async.WebAsyncManagerIntegrationFilter@511a307e, org.springframework.security.web.context.SecurityContextPersistenceFilter@b1fa523, org.springframework.security.web.header.HeaderWriterFilter@3703a400, org.springframework.web.filter.CorsFilter@7aef8000, com.example.resttodo.security.JwtAuthenticationFilter@215a0264, org.springframework.security.web.authentication.logout.LogoutFilter@1ee6434, org.springframework.security.web.savedrequest.RequestCacheAwareFilter@1e14b269, org.springframework.security.web.servletapi.SecurityContextHolderAwareRequestFilter@102fd71d, org.springframework.security.web.authentication.AnonymousAuthenticationFilter@10d97b64, org.springframework.security.web.session.SessionManagementFilter@7d0df326, org.springframework.security.web.access.ExceptionTranslationFilter@21d15932, org.springframework.security.web.access.intercept.FilterSecurityInterceptor@542754be]
2021-12-25 03:52:16.437  INFO 51127 --- [    Test worker] c.e.resttodo.ResttodoApplicationTests    : Started ResttodoApplicationTests in 3.676 seconds (JVM running for 4.732)
]]></system-out>
  <system-err><![CDATA[]]></system-err>
</testsuite>
